[2026-06-01 04:12:45,485][__main__][INFO] - Smoothing switches: lds=True
[2026-06-01 04:12:45,485][__main__][INFO] - LDS params: V0=0.01, T=0.0001, sigma=1.0, given_all=0
[2026-06-01 04:12:45,487][__main__][INFO] - fold:5
[2026-06-01 04:12:45,487][__main__][INFO] - train_subs:[np.int64(0), np.int64(1), np.int64(2), np.int64(3), np.int64(4), np.int64(5), np.int64(6), np.int64(7), np.int64(8), np.int64(9), np.int64(10), np.int64(11), np.int64(12), np.int64(13), np.int64(14), np.int64(15), np.int64(16), np.int64(17), np.int64(18), np.int64(19), np.int64(20), np.int64(21), np.int64(22), np.int64(23), np.int64(24), np.int64(25), np.int64(26), np.int64(27), np.int64(28), np.int64(29), np.int64(30), np.int64(31), np.int64(32), np.int64(33), np.int64(34), np.int64(35), np.int64(36), np.int64(37), np.int64(38), np.int64(39), np.int64(40), np.int64(41), np.int64(42), np.int64(43), np.int64(44), np.int64(45), np.int64(46), np.int64(47), np.int64(48), np.int64(49), np.int64(50), np.int64(51), np.int64(52), np.int64(53), np.int64(54), np.int64(55), np.int64(56), np.int64(57), np.int64(58), np.int64(59), np.int64(72), np.int64(73), np.int64(74), np.int64(75), np.int64(76), np.int64(77), np.int64(78), np.int64(79), np.int64(80), np.int64(81), np.int64(82), np.int64(83), np.int64(84), np.int64(85), np.int64(86), np.int64(87), np.int64(88), np.int64(89), np.int64(90), np.int64(91), np.int64(92), np.int64(93), np.int64(94), np.int64(95), np.int64(96), np.int64(97), np.int64(98), np.int64(99), np.int64(100), np.int64(101), np.int64(102), np.int64(103), np.int64(104), np.int64(105), np.int64(106), np.int64(107), np.int64(108), np.int64(109), np.int64(110), np.int64(111), np.int64(112), np.int64(113), np.int64(114), np.int64(115), np.int64(116), np.int64(117), np.int64(118), np.int64(119), np.int64(120), np.int64(121), np.int64(122)]
[2026-06-01 04:12:45,487][__main__][INFO] - val_subs:[60 61 62 63 64 65 66 67 68 69 70 71]
[2026-06-01 04:12:45,487][__main__][INFO] - normTrain
[2026-06-01 04:13:05,235][__main__][INFO] - checkpoint load from: /root/autodl-tmp/clisa-eeg-emotion/runs/run_processed_005_47_full_current/checkpoints/FACED/r1/f5_epoch=78.ckpt
[2026-06-01 04:13:05,554][__main__][INFO] - load model:/root/autodl-tmp/clisa-eeg-emotion/runs/run_processed_005_47_full_current/checkpoints/FACED/r1/f5_epoch=78.ckpt
[2026-06-01 04:13:10,543][__main__][INFO] - predict fold 5: subjects_done=10/123
[2026-06-01 04:13:15,328][__main__][INFO] - predict fold 5: subjects_done=20/123
[2026-06-01 04:13:20,040][__main__][INFO] - predict fold 5: subjects_done=30/123
[2026-06-01 04:13:24,759][__main__][INFO] - predict fold 5: subjects_done=40/123
[2026-06-01 04:13:29,513][__main__][INFO] - predict fold 5: subjects_done=50/123
[2026-06-01 04:13:34,281][__main__][INFO] - predict fold 5: subjects_done=60/123
[2026-06-01 04:13:39,039][__main__][INFO] - predict fold 5: subjects_done=70/123
[2026-06-01 04:13:43,832][__main__][INFO] - predict fold 5: subjects_done=80/123
[2026-06-01 04:13:48,612][__main__][INFO] - predict fold 5: subjects_done=90/123
[2026-06-01 04:13:53,346][__main__][INFO] - predict fold 5: subjects_done=100/123
[2026-06-01 04:13:58,172][__main__][INFO] - predict fold 5: subjects_done=110/123
[2026-06-01 04:14:02,939][__main__][INFO] - predict fold 5: subjects_done=120/123
[2026-06-01 04:14:04,363][__main__][INFO] - predict fold 5: subjects_done=123/123
[2026-06-01 04:14:04,544][__main__][INFO] - no inf
[2026-06-01 04:14:04,562][__main__][INFO] - no nan
[2026-06-01 04:14:04,706][__main__][INFO] - running norm: start
[2026-06-01 04:14:06,336][__main__][INFO] - running norm: done
[2026-06-01 04:14:06,359][__main__][INFO] - no inf
[2026-06-01 04:14:06,370][__main__][INFO] - no nan
[2026-06-01 04:14:06,452][__main__][INFO] - LDS: start
[2026-06-01 04:14:08,043][__main__][INFO] - LDS: done
[2026-06-01 04:14:08,063][__main__][INFO] - no inf
[2026-06-01 04:14:08,081][__main__][INFO] - no nan
[2026-06-01 04:14:08,163][__main__][INFO] - fea saved to /root/autodl-tmp/clisa-eeg-emotion/runs/run_processed_005_47_full_current/data/ext_fea/fea_r1/local_faced_processed_005_47_full_r1_f5_fea_de.npy
[2026-06-01 04:14:08,163][__main__][INFO] - [fold-result][extract] fold=5 feature_path=/root/autodl-tmp/clisa-eeg-emotion/runs/run_processed_005_47_full_current/data/ext_fea/fea_r1/local_faced_processed_005_47_full_r1_f5_fea_de.npy
