[2026-05-31 17:44:50,697][__main__][INFO] - Smoothing switches: lds=True
[2026-05-31 17:44:50,697][__main__][INFO] - LDS params: V0=0.01, T=0.0001, sigma=1.0, given_all=0
[2026-05-31 17:44:50,699][__main__][INFO] - fold:1
[2026-05-31 17:44:50,699][__main__][INFO] - train_subs:[np.int64(0), np.int64(1), np.int64(2), np.int64(3), np.int64(4), np.int64(5), np.int64(6), np.int64(7), np.int64(8), np.int64(9), np.int64(10), np.int64(11), np.int64(24), np.int64(25), np.int64(26), np.int64(27), np.int64(28), np.int64(29), np.int64(30), np.int64(31), np.int64(32), np.int64(33), np.int64(34), np.int64(35), np.int64(36), np.int64(37), np.int64(38), np.int64(39), np.int64(40), np.int64(41), np.int64(42), np.int64(43), np.int64(44), np.int64(45), np.int64(46), np.int64(47), np.int64(48), np.int64(49), np.int64(50), np.int64(51), np.int64(52), np.int64(53), np.int64(54), np.int64(55), np.int64(56), np.int64(57), np.int64(58), np.int64(59), np.int64(60), np.int64(61), np.int64(62), np.int64(63), np.int64(64), np.int64(65), np.int64(66), np.int64(67), np.int64(68), np.int64(69), np.int64(70), np.int64(71), np.int64(72), np.int64(73), np.int64(74), np.int64(75), np.int64(76), np.int64(77), np.int64(78), np.int64(79), np.int64(80), np.int64(81), np.int64(82), np.int64(83), np.int64(84), np.int64(85), np.int64(86), np.int64(87), np.int64(88), np.int64(89), np.int64(90), np.int64(91), np.int64(92), np.int64(93), np.int64(94), np.int64(95), np.int64(96), np.int64(97), np.int64(98), np.int64(99), np.int64(100), np.int64(101), np.int64(102), np.int64(103), np.int64(104), np.int64(105), np.int64(106), np.int64(107), np.int64(108), np.int64(109), np.int64(110), np.int64(111), np.int64(112), np.int64(113), np.int64(114), np.int64(115), np.int64(116), np.int64(117), np.int64(118), np.int64(119), np.int64(120), np.int64(121), np.int64(122)]
[2026-05-31 17:44:50,699][__main__][INFO] - val_subs:[12 13 14 15 16 17 18 19 20 21 22 23]
[2026-05-31 17:44:50,699][__main__][INFO] - normTrain
[2026-05-31 17:45:11,895][__main__][INFO] - checkpoint load from: /root/autodl-tmp/clisa-eeg-emotion/runs/run_6gpu_full_current/checkpoints/FACED/r1/f1_epoch=59.ckpt
[2026-05-31 17:45:12,395][__main__][INFO] - load model:/root/autodl-tmp/clisa-eeg-emotion/runs/run_6gpu_full_current/checkpoints/FACED/r1/f1_epoch=59.ckpt
[2026-05-31 17:45:17,571][__main__][INFO] - predict fold 1: subjects_done=10/123
[2026-05-31 17:45:22,394][__main__][INFO] - predict fold 1: subjects_done=20/123
[2026-05-31 17:45:27,309][__main__][INFO] - predict fold 1: subjects_done=30/123
[2026-05-31 17:45:32,223][__main__][INFO] - predict fold 1: subjects_done=40/123
[2026-05-31 17:45:37,084][__main__][INFO] - predict fold 1: subjects_done=50/123
[2026-05-31 17:45:41,996][__main__][INFO] - predict fold 1: subjects_done=60/123
[2026-05-31 17:45:46,894][__main__][INFO] - predict fold 1: subjects_done=70/123
[2026-05-31 17:45:51,748][__main__][INFO] - predict fold 1: subjects_done=80/123
[2026-05-31 17:45:56,624][__main__][INFO] - predict fold 1: subjects_done=90/123
[2026-05-31 17:46:01,581][__main__][INFO] - predict fold 1: subjects_done=100/123
[2026-05-31 17:46:06,441][__main__][INFO] - predict fold 1: subjects_done=110/123
[2026-05-31 17:46:11,327][__main__][INFO] - predict fold 1: subjects_done=120/123
[2026-05-31 17:46:12,789][__main__][INFO] - predict fold 1: subjects_done=123/123
[2026-05-31 17:46:12,976][__main__][INFO] - no inf
[2026-05-31 17:46:12,995][__main__][INFO] - no nan
[2026-05-31 17:46:13,136][__main__][INFO] - running norm: start
[2026-05-31 17:46:14,816][__main__][INFO] - running norm: done
[2026-05-31 17:46:14,827][__main__][INFO] - no inf
[2026-05-31 17:46:14,837][__main__][INFO] - no nan
[2026-05-31 17:46:14,917][__main__][INFO] - LDS: start
[2026-05-31 17:46:16,535][__main__][INFO] - LDS: done
[2026-05-31 17:46:16,555][__main__][INFO] - no inf
[2026-05-31 17:46:16,574][__main__][INFO] - no nan
[2026-05-31 17:46:16,656][__main__][INFO] - fea saved to /root/autodl-tmp/clisa-eeg-emotion/runs/run_6gpu_full_current/data/ext_fea/fea_r1/local_faced_6gpu_full_r1_f1_fea_de.npy
[2026-05-31 17:46:16,656][__main__][INFO] - [fold-result][extract] fold=1 feature_path=/root/autodl-tmp/clisa-eeg-emotion/runs/run_6gpu_full_current/data/ext_fea/fea_r1/local_faced_6gpu_full_r1_f1_fea_de.npy
