[2026-05-31 17:46:24,236][__main__][INFO] - Smoothing switches: lds=True
[2026-05-31 17:46:24,236][__main__][INFO] - LDS params: V0=0.01, T=0.0001, sigma=1.0, given_all=0
[2026-05-31 17:46:24,238][__main__][INFO] - fold:8
[2026-05-31 17:46:24,238][__main__][INFO] - train_subs:[np.int64(0), np.int64(1), np.int64(2), np.int64(3), np.int64(4), np.int64(5), np.int64(6), np.int64(7), np.int64(8), np.int64(9), np.int64(10), np.int64(11), np.int64(12), np.int64(13), np.int64(14), np.int64(15), np.int64(16), np.int64(17), np.int64(18), np.int64(19), np.int64(20), np.int64(21), np.int64(22), np.int64(23), np.int64(24), np.int64(25), np.int64(26), np.int64(27), np.int64(28), np.int64(29), np.int64(30), np.int64(31), np.int64(32), np.int64(33), np.int64(34), np.int64(35), np.int64(36), np.int64(37), np.int64(38), np.int64(39), np.int64(40), np.int64(41), np.int64(42), np.int64(43), np.int64(44), np.int64(45), np.int64(46), np.int64(47), np.int64(48), np.int64(49), np.int64(50), np.int64(51), np.int64(52), np.int64(53), np.int64(54), np.int64(55), np.int64(56), np.int64(57), np.int64(58), np.int64(59), np.int64(60), np.int64(61), np.int64(62), np.int64(63), np.int64(64), np.int64(65), np.int64(66), np.int64(67), np.int64(68), np.int64(69), np.int64(70), np.int64(71), np.int64(72), np.int64(73), np.int64(74), np.int64(75), np.int64(76), np.int64(77), np.int64(78), np.int64(79), np.int64(80), np.int64(81), np.int64(82), np.int64(83), np.int64(84), np.int64(85), np.int64(86), np.int64(87), np.int64(88), np.int64(89), np.int64(90), np.int64(91), np.int64(92), np.int64(93), np.int64(94), np.int64(95), np.int64(108), np.int64(109), np.int64(110), np.int64(111), np.int64(112), np.int64(113), np.int64(114), np.int64(115), np.int64(116), np.int64(117), np.int64(118), np.int64(119), np.int64(120), np.int64(121), np.int64(122)]
[2026-05-31 17:46:24,238][__main__][INFO] - val_subs:[ 96  97  98  99 100 101 102 103 104 105 106 107]
[2026-05-31 17:46:24,238][__main__][INFO] - normTrain
[2026-05-31 17:46:45,287][__main__][INFO] - checkpoint load from: /root/autodl-tmp/clisa-eeg-emotion/runs/run_6gpu_full_current/checkpoints/FACED/r1/f8_epoch=74.ckpt
[2026-05-31 17:46:45,619][__main__][INFO] - load model:/root/autodl-tmp/clisa-eeg-emotion/runs/run_6gpu_full_current/checkpoints/FACED/r1/f8_epoch=74.ckpt
[2026-05-31 17:46:50,683][__main__][INFO] - predict fold 8: subjects_done=10/123
[2026-05-31 17:46:55,521][__main__][INFO] - predict fold 8: subjects_done=20/123
[2026-05-31 17:47:00,441][__main__][INFO] - predict fold 8: subjects_done=30/123
[2026-05-31 17:47:05,383][__main__][INFO] - predict fold 8: subjects_done=40/123
[2026-05-31 17:47:10,296][__main__][INFO] - predict fold 8: subjects_done=50/123
[2026-05-31 17:47:15,127][__main__][INFO] - predict fold 8: subjects_done=60/123
[2026-05-31 17:47:20,004][__main__][INFO] - predict fold 8: subjects_done=70/123
[2026-05-31 17:47:24,880][__main__][INFO] - predict fold 8: subjects_done=80/123
[2026-05-31 17:47:29,727][__main__][INFO] - predict fold 8: subjects_done=90/123
[2026-05-31 17:47:34,640][__main__][INFO] - predict fold 8: subjects_done=100/123
[2026-05-31 17:47:39,440][__main__][INFO] - predict fold 8: subjects_done=110/123
[2026-05-31 17:47:44,303][__main__][INFO] - predict fold 8: subjects_done=120/123
[2026-05-31 17:47:45,719][__main__][INFO] - predict fold 8: subjects_done=123/123
[2026-05-31 17:47:45,898][__main__][INFO] - no inf
[2026-05-31 17:47:45,916][__main__][INFO] - no nan
[2026-05-31 17:47:46,056][__main__][INFO] - running norm: start
[2026-05-31 17:47:47,667][__main__][INFO] - running norm: done
[2026-05-31 17:47:47,689][__main__][INFO] - no inf
[2026-05-31 17:47:47,700][__main__][INFO] - no nan
[2026-05-31 17:47:47,779][__main__][INFO] - LDS: start
[2026-05-31 17:47:49,377][__main__][INFO] - LDS: done
[2026-05-31 17:47:49,397][__main__][INFO] - no inf
[2026-05-31 17:47:49,415][__main__][INFO] - no nan
[2026-05-31 17:47:49,502][__main__][INFO] - fea saved to /root/autodl-tmp/clisa-eeg-emotion/runs/run_6gpu_full_current/data/ext_fea/fea_r1/local_faced_6gpu_full_r1_f8_fea_de.npy
[2026-05-31 17:47:49,502][__main__][INFO] - [fold-result][extract] fold=8 feature_path=/root/autodl-tmp/clisa-eeg-emotion/runs/run_6gpu_full_current/data/ext_fea/fea_r1/local_faced_6gpu_full_r1_f8_fea_de.npy
