Seed set to 7
[2026-06-01 04:17:02,265][__main__][INFO] - fold:8
[2026-06-01 04:17:02,265][__main__][INFO] - train_subs:[np.int64(0), np.int64(1), np.int64(2), np.int64(3), np.int64(4), np.int64(5), np.int64(6), np.int64(7), np.int64(8), np.int64(9), np.int64(10), np.int64(11), np.int64(12), np.int64(13), np.int64(14), np.int64(15), np.int64(16), np.int64(17), np.int64(18), np.int64(19), np.int64(20), np.int64(21), np.int64(22), np.int64(23), np.int64(24), np.int64(25), np.int64(26), np.int64(27), np.int64(28), np.int64(29), np.int64(30), np.int64(31), np.int64(32), np.int64(33), np.int64(34), np.int64(35), np.int64(36), np.int64(37), np.int64(38), np.int64(39), np.int64(40), np.int64(41), np.int64(42), np.int64(43), np.int64(44), np.int64(45), np.int64(46), np.int64(47), np.int64(48), np.int64(49), np.int64(50), np.int64(51), np.int64(52), np.int64(53), np.int64(54), np.int64(55), np.int64(56), np.int64(57), np.int64(58), np.int64(59), np.int64(60), np.int64(61), np.int64(62), np.int64(63), np.int64(64), np.int64(65), np.int64(66), np.int64(67), np.int64(68), np.int64(69), np.int64(70), np.int64(71), np.int64(72), np.int64(73), np.int64(74), np.int64(75), np.int64(76), np.int64(77), np.int64(78), np.int64(79), np.int64(80), np.int64(81), np.int64(82), np.int64(83), np.int64(84), np.int64(85), np.int64(86), np.int64(87), np.int64(88), np.int64(89), np.int64(90), np.int64(91), np.int64(92), np.int64(93), np.int64(94), np.int64(95), np.int64(108), np.int64(109), np.int64(110), np.int64(111), np.int64(112), np.int64(113), np.int64(114), np.int64(115), np.int64(116), np.int64(117), np.int64(118), np.int64(119), np.int64(120), np.int64(121), np.int64(122)]
[2026-06-01 04:17:02,266][__main__][INFO] - val_subs:[ 96  97  98  99 100 101 102 103 104 105 106 107]
[2026-06-01 04:17:02,360][__main__][INFO] - data2 load from: /root/autodl-tmp/clisa-eeg-emotion/runs/run_processed_005_47_full_current/data/ext_fea/fea_r1/local_faced_processed_005_47_full_r1_f8_fea_de.npy
GPU available: True (cuda), used: True
TPU available: False, using: 0 TPU cores
💡 Tip: For seamless cloud logging and experiment tracking, try installing [litlogger](https://pypi.org/project/litlogger/) to enable LitLogger, which logs metrics and artifacts automatically to the Lightning Experiments platform.
`Trainer(limit_val_batches=1.0)` was configured so 100% of the batches will be used..
/root/miniconda3/envs/ty_eeg_speech_stage1/lib/python3.11/site-packages/pytorch_lightning/callbacks/model_checkpoint.py:881: Checkpoint directory /root/autodl-tmp/clisa-eeg-emotion/runs/run_processed_005_47_full_current/checkpoints/FACED/r1 exists and is not empty.
LOCAL_RANK: 0 - CUDA_VISIBLE_DEVICES: [2]
┏━━━┳━━━━━━━━━━━┳━━━━━━━━━━━━━━━━━━┳━━━━━━━━┳━━━━━━━┳━━━━━━━┓
┃   ┃ Name      ┃ Type             ┃ Params ┃ Mode  ┃ FLOPs ┃
┡━━━╇━━━━━━━━━━━╇━━━━━━━━━━━━━━━━━━╇━━━━━━━━╇━━━━━━━╇━━━━━━━┩
│ 0 │ model     │ simpleNN3        │ 41.7 K │ train │     0 │
│ 1 │ criterion │ CrossEntropyLoss │      0 │ train │     0 │
└───┴───────────┴──────────────────┴────────┴───────┴───────┘
Trainable params: 41.7 K                                                        
Non-trainable params: 0                                                         
Total params: 41.7 K                                                            
Total estimated model params size (MB): 0.167                                   
Modules in train mode: 8                                                        
Modules in eval mode: 0                                                         
Total FLOPs: 0                                                                  
/root/miniconda3/envs/ty_eeg_speech_stage1/lib/python3.11/site-packages/pytorch_lightning/utilities/_pytree.py:21: `isinstance(treespec, LeafSpec)` is deprecated, use `isinstance(treespec, TreeSpec) and treespec.is_leaf()` instead.
/root/miniconda3/envs/ty_eeg_speech_stage1/lib/python3.11/site-packages/pytorch_lightning/trainer/connectors/data_connector.py:434: The 'val_dataloader' does not have many workers which may be a bottleneck. Consider increasing the value of the `num_workers` argument` to `num_workers=223` in the `DataLoader` to improve performance.
/root/miniconda3/envs/ty_eeg_speech_stage1/lib/python3.11/site-packages/pytorch_lightning/trainer/connectors/data_connector.py:434: The 'train_dataloader' does not have many workers which may be a bottleneck. Consider increasing the value of the `num_workers` argument` to `num_workers=223` in the `DataLoader` to improve performance.
[train] epoch=0 total_batches=183 print_every=1000
[train] epoch=0 batch=183/183
Epoch 0, global step 183: 'mlp/val/acc' reached 33.30357 (best 33.30357), saving model to '/root/autodl-tmp/clisa-eeg-emotion/runs/run_processed_005_47_full_current/checkpoints/FACED/r1/mlp_f8_wd=0.0022_epoch=0.ckpt' as top 1
[train] epoch=1 total_batches=183 print_every=1000
[train] epoch=1 batch=183/183
Epoch 1, global step 366: 'mlp/val/acc' reached 36.04167 (best 36.04167), saving model to '/root/autodl-tmp/clisa-eeg-emotion/runs/run_processed_005_47_full_current/checkpoints/FACED/r1/mlp_f8_wd=0.0022_epoch=1.ckpt' as top 1
[train] epoch=2 total_batches=183 print_every=1000
[train] epoch=2 batch=183/183
Epoch 2, global step 549: 'mlp/val/acc' reached 37.18254 (best 37.18254), saving model to '/root/autodl-tmp/clisa-eeg-emotion/runs/run_processed_005_47_full_current/checkpoints/FACED/r1/mlp_f8_wd=0.0022_epoch=2.ckpt' as top 1
[train] epoch=3 total_batches=183 print_every=1000
[train] epoch=3 batch=183/183
Epoch 3, global step 732: 'mlp/val/acc' reached 37.81746 (best 37.81746), saving model to '/root/autodl-tmp/clisa-eeg-emotion/runs/run_processed_005_47_full_current/checkpoints/FACED/r1/mlp_f8_wd=0.0022_epoch=3.ckpt' as top 1
[train] epoch=4 total_batches=183 print_every=1000
[train] epoch=4 batch=183/183
Epoch 4, global step 915: 'mlp/val/acc' was not in top 1
[train] epoch=5 total_batches=183 print_every=1000
[train] epoch=5 batch=183/183
Epoch 5, global step 1098: 'mlp/val/acc' reached 38.50198 (best 38.50198), saving model to '/root/autodl-tmp/clisa-eeg-emotion/runs/run_processed_005_47_full_current/checkpoints/FACED/r1/mlp_f8_wd=0.0022_epoch=5.ckpt' as top 1
[train] epoch=6 total_batches=183 print_every=1000
[train] epoch=6 batch=183/183
Epoch 6, global step 1281: 'mlp/val/acc' was not in top 1
[train] epoch=7 total_batches=183 print_every=1000
[train] epoch=7 batch=183/183
Epoch 7, global step 1464: 'mlp/val/acc' reached 38.92857 (best 38.92857), saving model to '/root/autodl-tmp/clisa-eeg-emotion/runs/run_processed_005_47_full_current/checkpoints/FACED/r1/mlp_f8_wd=0.0022_epoch=7.ckpt' as top 1
[train] epoch=8 total_batches=183 print_every=1000
[train] epoch=8 batch=183/183
Epoch 8, global step 1647: 'mlp/val/acc' was not in top 1
[train] epoch=9 total_batches=183 print_every=1000
[train] epoch=9 batch=183/183
Epoch 9, global step 1830: 'mlp/val/acc' was not in top 1
[train] epoch=10 total_batches=183 print_every=1000
[train] epoch=10 batch=183/183
Epoch 10, global step 2013: 'mlp/val/acc' was not in top 1
[train] epoch=11 total_batches=183 print_every=1000
[train] epoch=11 batch=183/183
Epoch 11, global step 2196: 'mlp/val/acc' reached 39.28571 (best 39.28571), saving model to '/root/autodl-tmp/clisa-eeg-emotion/runs/run_processed_005_47_full_current/checkpoints/FACED/r1/mlp_f8_wd=0.0022_epoch=11.ckpt' as top 1
[train] epoch=12 total_batches=183 print_every=1000
[train] epoch=12 batch=183/183
Epoch 12, global step 2379: 'mlp/val/acc' was not in top 1
[train] epoch=13 total_batches=183 print_every=1000
[train] epoch=13 batch=183/183
Epoch 13, global step 2562: 'mlp/val/acc' was not in top 1
[train] epoch=14 total_batches=183 print_every=1000
[train] epoch=14 batch=183/183
Epoch 14, global step 2745: 'mlp/val/acc' was not in top 1
[train] epoch=15 total_batches=183 print_every=1000
[train] epoch=15 batch=183/183
Epoch 15, global step 2928: 'mlp/val/acc' was not in top 1
[train] epoch=16 total_batches=183 print_every=1000
[train] epoch=16 batch=183/183
Epoch 16, global step 3111: 'mlp/val/acc' reached 39.82143 (best 39.82143), saving model to '/root/autodl-tmp/clisa-eeg-emotion/runs/run_processed_005_47_full_current/checkpoints/FACED/r1/mlp_f8_wd=0.0022_epoch=16.ckpt' as top 1
[train] epoch=17 total_batches=183 print_every=1000
[train] epoch=17 batch=183/183
Epoch 17, global step 3294: 'mlp/val/acc' was not in top 1
[train] epoch=18 total_batches=183 print_every=1000
[train] epoch=18 batch=183/183
Epoch 18, global step 3477: 'mlp/val/acc' was not in top 1
[train] epoch=19 total_batches=183 print_every=1000
[train] epoch=19 batch=183/183
Epoch 19, global step 3660: 'mlp/val/acc' was not in top 1
[train] epoch=20 total_batches=183 print_every=1000
[train] epoch=20 batch=183/183
Epoch 20, global step 3843: 'mlp/val/acc' was not in top 1
[train] epoch=21 total_batches=183 print_every=1000
[train] epoch=21 batch=183/183
Epoch 21, global step 4026: 'mlp/val/acc' reached 39.83135 (best 39.83135), saving model to '/root/autodl-tmp/clisa-eeg-emotion/runs/run_processed_005_47_full_current/checkpoints/FACED/r1/mlp_f8_wd=0.0022_epoch=21.ckpt' as top 1
[train] epoch=22 total_batches=183 print_every=1000
[train] epoch=22 batch=183/183
Epoch 22, global step 4209: 'mlp/val/acc' was not in top 1
[train] epoch=23 total_batches=183 print_every=1000
[train] epoch=23 batch=183/183
Epoch 23, global step 4392: 'mlp/val/acc' was not in top 1
[train] epoch=24 total_batches=183 print_every=1000
[train] epoch=24 batch=183/183
Epoch 24, global step 4575: 'mlp/val/acc' was not in top 1
[train] epoch=25 total_batches=183 print_every=1000
[train] epoch=25 batch=183/183
Epoch 25, global step 4758: 'mlp/val/acc' was not in top 1
[train] epoch=26 total_batches=183 print_every=1000
[train] epoch=26 batch=183/183
Epoch 26, global step 4941: 'mlp/val/acc' was not in top 1
[train] epoch=27 total_batches=183 print_every=1000
[train] epoch=27 batch=183/183
Epoch 27, global step 5124: 'mlp/val/acc' was not in top 1
[train] epoch=28 total_batches=183 print_every=1000
[train] epoch=28 batch=183/183
Epoch 28, global step 5307: 'mlp/val/acc' was not in top 1
[train] epoch=29 total_batches=183 print_every=1000
[train] epoch=29 batch=183/183
Epoch 29, global step 5490: 'mlp/val/acc' was not in top 1
[train] epoch=30 total_batches=183 print_every=1000
[train] epoch=30 batch=183/183
Epoch 30, global step 5673: 'mlp/val/acc' was not in top 1
[train] epoch=31 total_batches=183 print_every=1000
[train] epoch=31 batch=183/183
Epoch 31, global step 5856: 'mlp/val/acc' was not in top 1
[train] epoch=32 total_batches=183 print_every=1000
[train] epoch=32 batch=183/183
Epoch 32, global step 6039: 'mlp/val/acc' was not in top 1
[train] epoch=33 total_batches=183 print_every=1000
[train] epoch=33 batch=183/183
Epoch 33, global step 6222: 'mlp/val/acc' was not in top 1
[train] epoch=34 total_batches=183 print_every=1000
[train] epoch=34 batch=183/183
Epoch 34, global step 6405: 'mlp/val/acc' was not in top 1
[train] epoch=35 total_batches=183 print_every=1000
[train] epoch=35 batch=183/183
Epoch 35, global step 6588: 'mlp/val/acc' was not in top 1
[train] epoch=36 total_batches=183 print_every=1000
[train] epoch=36 batch=183/183
Epoch 36, global step 6771: 'mlp/val/acc' was not in top 1
[train] epoch=37 total_batches=183 print_every=1000
[train] epoch=37 batch=183/183
Epoch 37, global step 6954: 'mlp/val/acc' was not in top 1
[train] epoch=38 total_batches=183 print_every=1000
[train] epoch=38 batch=183/183
Epoch 38, global step 7137: 'mlp/val/acc' was not in top 1
[train] epoch=39 total_batches=183 print_every=1000
[train] epoch=39 batch=183/183
Epoch 39, global step 7320: 'mlp/val/acc' was not in top 1
[train] epoch=40 total_batches=183 print_every=1000
[train] epoch=40 batch=183/183
Epoch 40, global step 7503: 'mlp/val/acc' was not in top 1
[train] epoch=41 total_batches=183 print_every=1000
[train] epoch=41 batch=183/183
Epoch 41, global step 7686: 'mlp/val/acc' was not in top 1
[train] epoch=42 total_batches=183 print_every=1000
[train] epoch=42 batch=183/183
Epoch 42, global step 7869: 'mlp/val/acc' was not in top 1
[train] epoch=43 total_batches=183 print_every=1000
[train] epoch=43 batch=183/183
Epoch 43, global step 8052: 'mlp/val/acc' was not in top 1
[train] epoch=44 total_batches=183 print_every=1000
[train] epoch=44 batch=183/183
Epoch 44, global step 8235: 'mlp/val/acc' was not in top 1
[train] epoch=45 total_batches=183 print_every=1000
[train] epoch=45 batch=183/183
Epoch 45, global step 8418: 'mlp/val/acc' was not in top 1
[train] epoch=46 total_batches=183 print_every=1000
[train] epoch=46 batch=183/183
Epoch 46, global step 8601: 'mlp/val/acc' was not in top 1
[train] epoch=47 total_batches=183 print_every=1000
[train] epoch=47 batch=183/183
Epoch 47, global step 8784: 'mlp/val/acc' was not in top 1
[train] epoch=48 total_batches=183 print_every=1000
[train] epoch=48 batch=183/183
Epoch 48, global step 8967: 'mlp/val/acc' was not in top 1
[train] epoch=49 total_batches=183 print_every=1000
[train] epoch=49 batch=183/183
Epoch 49, global step 9150: 'mlp/val/acc' was not in top 1
[train] epoch=50 total_batches=183 print_every=1000
[train] epoch=50 batch=183/183
Epoch 50, global step 9333: 'mlp/val/acc' was not in top 1
[train] epoch=51 total_batches=183 print_every=1000
[train] epoch=51 batch=183/183
Epoch 51, global step 9516: 'mlp/val/acc' was not in top 1
[train] epoch=52 total_batches=183 print_every=1000
Trainer was signaled to stop but the required `min_epochs=100` or `min_steps=None` has not been met. Training will continue...
[train] epoch=52 batch=183/183
Epoch 52, global step 9699: 'mlp/val/acc' was not in top 1
[train] epoch=53 total_batches=183 print_every=1000
[train] epoch=53 batch=183/183
Epoch 53, global step 9882: 'mlp/val/acc' was not in top 1
[train] epoch=54 total_batches=183 print_every=1000
[train] epoch=54 batch=183/183
Epoch 54, global step 10065: 'mlp/val/acc' was not in top 1
[train] epoch=55 total_batches=183 print_every=1000
[train] epoch=55 batch=183/183
Epoch 55, global step 10248: 'mlp/val/acc' was not in top 1
[train] epoch=56 total_batches=183 print_every=1000
[train] epoch=56 batch=183/183
Epoch 56, global step 10431: 'mlp/val/acc' was not in top 1
[train] epoch=57 total_batches=183 print_every=1000
[train] epoch=57 batch=183/183
Epoch 57, global step 10614: 'mlp/val/acc' was not in top 1
[train] epoch=58 total_batches=183 print_every=1000
[train] epoch=58 batch=183/183
Epoch 58, global step 10797: 'mlp/val/acc' was not in top 1
[train] epoch=59 total_batches=183 print_every=1000
[train] epoch=59 batch=183/183
Epoch 59, global step 10980: 'mlp/val/acc' was not in top 1
[train] epoch=60 total_batches=183 print_every=1000
[train] epoch=60 batch=183/183
Epoch 60, global step 11163: 'mlp/val/acc' was not in top 1
[train] epoch=61 total_batches=183 print_every=1000
[train] epoch=61 batch=183/183
Epoch 61, global step 11346: 'mlp/val/acc' was not in top 1
[train] epoch=62 total_batches=183 print_every=1000
[train] epoch=62 batch=183/183
Epoch 62, global step 11529: 'mlp/val/acc' was not in top 1
[train] epoch=63 total_batches=183 print_every=1000
[train] epoch=63 batch=183/183
Epoch 63, global step 11712: 'mlp/val/acc' was not in top 1
[train] epoch=64 total_batches=183 print_every=1000
[train] epoch=64 batch=183/183
Epoch 64, global step 11895: 'mlp/val/acc' was not in top 1
[train] epoch=65 total_batches=183 print_every=1000
[train] epoch=65 batch=183/183
Epoch 65, global step 12078: 'mlp/val/acc' was not in top 1
[train] epoch=66 total_batches=183 print_every=1000
[train] epoch=66 batch=183/183
Epoch 66, global step 12261: 'mlp/val/acc' was not in top 1
[train] epoch=67 total_batches=183 print_every=1000
[train] epoch=67 batch=183/183
Epoch 67, global step 12444: 'mlp/val/acc' was not in top 1
[train] epoch=68 total_batches=183 print_every=1000
[train] epoch=68 batch=183/183
Epoch 68, global step 12627: 'mlp/val/acc' was not in top 1
[train] epoch=69 total_batches=183 print_every=1000
[train] epoch=69 batch=183/183
Epoch 69, global step 12810: 'mlp/val/acc' was not in top 1
[train] epoch=70 total_batches=183 print_every=1000
[train] epoch=70 batch=183/183
Epoch 70, global step 12993: 'mlp/val/acc' was not in top 1
[train] epoch=71 total_batches=183 print_every=1000
[train] epoch=71 batch=183/183
Epoch 71, global step 13176: 'mlp/val/acc' was not in top 1
[train] epoch=72 total_batches=183 print_every=1000
[train] epoch=72 batch=183/183
Epoch 72, global step 13359: 'mlp/val/acc' was not in top 1
[train] epoch=73 total_batches=183 print_every=1000
[train] epoch=73 batch=183/183
Epoch 73, global step 13542: 'mlp/val/acc' was not in top 1
[train] epoch=74 total_batches=183 print_every=1000
[train] epoch=74 batch=183/183
Epoch 74, global step 13725: 'mlp/val/acc' was not in top 1
[train] epoch=75 total_batches=183 print_every=1000
[train] epoch=75 batch=183/183
Epoch 75, global step 13908: 'mlp/val/acc' was not in top 1
[train] epoch=76 total_batches=183 print_every=1000
[train] epoch=76 batch=183/183
Epoch 76, global step 14091: 'mlp/val/acc' was not in top 1
[train] epoch=77 total_batches=183 print_every=1000
[train] epoch=77 batch=183/183
Epoch 77, global step 14274: 'mlp/val/acc' was not in top 1
[train] epoch=78 total_batches=183 print_every=1000
[train] epoch=78 batch=183/183
Epoch 78, global step 14457: 'mlp/val/acc' was not in top 1
[train] epoch=79 total_batches=183 print_every=1000
[train] epoch=79 batch=183/183
Epoch 79, global step 14640: 'mlp/val/acc' was not in top 1
[train] epoch=80 total_batches=183 print_every=1000
[train] epoch=80 batch=183/183
Epoch 80, global step 14823: 'mlp/val/acc' was not in top 1
[train] epoch=81 total_batches=183 print_every=1000
[train] epoch=81 batch=183/183
Epoch 81, global step 15006: 'mlp/val/acc' was not in top 1
[train] epoch=82 total_batches=183 print_every=1000
[train] epoch=82 batch=183/183
Epoch 82, global step 15189: 'mlp/val/acc' was not in top 1
[train] epoch=83 total_batches=183 print_every=1000
[train] epoch=83 batch=183/183
Epoch 83, global step 15372: 'mlp/val/acc' was not in top 1
[train] epoch=84 total_batches=183 print_every=1000
[train] epoch=84 batch=183/183
Epoch 84, global step 15555: 'mlp/val/acc' was not in top 1
[train] epoch=85 total_batches=183 print_every=1000
[train] epoch=85 batch=183/183
Epoch 85, global step 15738: 'mlp/val/acc' was not in top 1
[train] epoch=86 total_batches=183 print_every=1000
[train] epoch=86 batch=183/183
Epoch 86, global step 15921: 'mlp/val/acc' was not in top 1
[train] epoch=87 total_batches=183 print_every=1000
[train] epoch=87 batch=183/183
Epoch 87, global step 16104: 'mlp/val/acc' was not in top 1
[train] epoch=88 total_batches=183 print_every=1000
[train] epoch=88 batch=183/183
Epoch 88, global step 16287: 'mlp/val/acc' was not in top 1
[train] epoch=89 total_batches=183 print_every=1000
[train] epoch=89 batch=183/183
Epoch 89, global step 16470: 'mlp/val/acc' was not in top 1
[train] epoch=90 total_batches=183 print_every=1000
[train] epoch=90 batch=183/183
Epoch 90, global step 16653: 'mlp/val/acc' was not in top 1
[train] epoch=91 total_batches=183 print_every=1000
[train] epoch=91 batch=183/183
Epoch 91, global step 16836: 'mlp/val/acc' was not in top 1
[train] epoch=92 total_batches=183 print_every=1000
[train] epoch=92 batch=183/183
Epoch 92, global step 17019: 'mlp/val/acc' was not in top 1
[train] epoch=93 total_batches=183 print_every=1000
[train] epoch=93 batch=183/183
Epoch 93, global step 17202: 'mlp/val/acc' was not in top 1
[train] epoch=94 total_batches=183 print_every=1000
[train] epoch=94 batch=183/183
Epoch 94, global step 17385: 'mlp/val/acc' was not in top 1
[train] epoch=95 total_batches=183 print_every=1000
[train] epoch=95 batch=183/183
Epoch 95, global step 17568: 'mlp/val/acc' was not in top 1
[train] epoch=96 total_batches=183 print_every=1000
[train] epoch=96 batch=183/183
Epoch 96, global step 17751: 'mlp/val/acc' was not in top 1
[train] epoch=97 total_batches=183 print_every=1000
[train] epoch=97 batch=183/183
Epoch 97, global step 17934: 'mlp/val/acc' was not in top 1
[train] epoch=98 total_batches=183 print_every=1000
[train] epoch=98 batch=183/183
Epoch 98, global step 18117: 'mlp/val/acc' was not in top 1
[train] epoch=99 total_batches=183 print_every=1000
[train] epoch=99 batch=183/183
Epoch 99, global step 18300: 'mlp/val/acc' was not in top 1
`Trainer.fit` stopped: `max_epochs=100` reached.
[2026-06-01 04:18:07,598][__main__][INFO] - [fold-result][mlp] fold=8 best_score=39.831348 best_model_path=/root/autodl-tmp/clisa-eeg-emotion/runs/run_processed_005_47_full_current/checkpoints/FACED/r1/mlp_f8_wd=0.0022_epoch=21.ckpt last_model_path=/root/autodl-tmp/clisa-eeg-emotion/runs/run_processed_005_47_full_current/checkpoints/FACED/r1/mlp_f8_last.ckpt
[2026-06-01 04:18:07,599][__main__][INFO] - Best train/validation accuracies for each fold:
[2026-06-01 04:18:07,599][__main__][INFO] -     Fold 0: 39.83134841918945
[2026-06-01 04:18:07,599][__main__][INFO] - Average train/validation accuracy across all folds: 39.83134841918945
[2026-06-01 04:18:07,599][__main__][INFO] - Standard deviation of train/validation accuracy across all folds: 0.0
[2026-06-01 04:18:07,599][__main__][INFO] - Extracting features with 0.0022: $mlp_wd and ext_wd: 0.00015
